#
# A fatal error has been detected by the Java Runtime Environment:
#
#  EXCEPTION_ACCESS_VIOLATION (0xc0000005) at pc=0x00000000751e243d, pid=8556, tid=8312
#
# JRE version: Java(TM) SE Runtime Environment (8.0_45-b15) (build 1.8.0_45-b15)
# Java VM: Java HotSpot(TM) 64-Bit Server VM (25.45-b02 mixed mode windows-amd64 compressed oops)
# Problematic frame:
# V  [jvm.dll+0x4b243d]
#
# Failed to write core dump. Minidumps are not enabled by default on client versions of Windows
#
# If you would like to submit a bug report, please visit:
#   http://bugreport.java.com/bugreport/crash.jsp
#

---------------  T H R E A D  ---------------

Current thread (0x000000001643b800):  JavaThread "C2 CompilerThread1" daemon [_thread_in_native, id=8312, stack(0x0000000017a30000,0x0000000017b30000)]

siginfo: ExceptionCode=0xc0000005, reading address 0x0000000000020008

Registers:
RAX=0x000000001bf70f30, RBX=0x0000000000020000, RCX=0x0000000017b2bc90, RDX=0x0000000000008000
RSP=0x0000000017b2b780, RBP=0x000000001f584e58, RSI=0x0000000000000943, RDI=0x0000000017b2bcb0
R8 =0x0000000000000008, R9 =0x0000000000000000, R10=0x00003f800080078b, R11=0x0000000000000000
R12=0x0000000017b2b8a8, R13=0x0000000017b2b918, R14=0x000000001f584eb8, R15=0x0000000000000001
RIP=0x00000000751e243d, EFLAGS=0x0000000000010206

Top of Stack: (sp=0x0000000017b2b780)
0x0000000017b2b780:   0000000017b2b8c8 000000007525ddb5
0x0000000017b2b790:   0000000017b2bc90 0000000017b2b8a8
0x0000000017b2b7a0:   0000000017b2b8c8 00000000751e6550
0x0000000017b2b7b0:   0000000000000011 0000000017b2bc90
0x0000000017b2b7c0:   0000000000000204 000000007521914a
0x0000000017b2b7d0:   0000000000000002 0000000017b2b918
0x0000000017b2b7e0:   000000001f584eb8 0000000017b2bcb0
0x0000000017b2b7f0:   0000000017b2bc90 00000000751e76c8
0x0000000017b2b800:   000000001f584b08 0000000000000008
0x0000000017b2b810:   0000000017b2b8c8 0000000017b2b8a8
0x0000000017b2b820:   000000001d8b3f30 00000000163a6660
0x0000000017b2b830:   0000000000000000 0000000000000002
0x0000000017b2b840:   000000001cc23650 00000000241f80a0
0x0000000017b2b850:   00000000163a6660 0000000017b2bc90
0x0000000017b2b860:   0000000017b2b970 00000000751e97b7
0x0000000017b2b870:   0000000017b2bc90 0000000017b2b8c8 

Instructions: (pc=0x00000000751e243d)
0x00000000751e241d:   ec 20 8b 72 28 8b 51 28 48 8d 79 20 3b f2 73 0a
0x00000000751e242d:   48 8b 47 10 48 8b 1c f0 eb 02 33 db 48 83 e3 fe
0x00000000751e243d:   48 8b 43 08 48 83 38 00 75 34 8b 43 28 3b c2 73
0x00000000751e244d:   0c 8b c8 48 8b 47 10 48 8b 1c c8 eb 02 33 db 48 


Register to memory mapping:

RAX=0x000000001bf70f30 is an unknown value
RBX=0x0000000000020000 is an unknown value
RCX=0x0000000017b2bc90 is pointing into the stack for thread: 0x000000001643b800
RDX=0x0000000000008000 is an unknown value
RSP=0x0000000017b2b780 is pointing into the stack for thread: 0x000000001643b800
RBP=0x000000001f584e58 is an unknown value
RSI=0x0000000000000943 is an unknown value
RDI=0x0000000017b2bcb0 is pointing into the stack for thread: 0x000000001643b800
R8 =0x0000000000000008 is an unknown value
R9 =0x0000000000000000 is an unknown value
R10=0x00003f800080078b is an unknown value
R11=0x0000000000000000 is an unknown value
R12=0x0000000017b2b8a8 is pointing into the stack for thread: 0x000000001643b800
R13=0x0000000017b2b918 is pointing into the stack for thread: 0x000000001643b800
R14=0x000000001f584eb8 is an unknown value
R15=0x0000000000000001 is an unknown value


Stack: [0x0000000017a30000,0x0000000017b30000],  sp=0x0000000017b2b780,  free space=1005k
Native frames: (J=compiled Java code, j=interpreted, Vv=VM code, C=native code)
V  [jvm.dll+0x4b243d]
V  [jvm.dll+0x4b6550]
V  [jvm.dll+0x4b76c8]
V  [jvm.dll+0x4b97b7]
V  [jvm.dll+0x46baa8]
V  [jvm.dll+0x46ccbe]
V  [jvm.dll+0x4500f2]
V  [jvm.dll+0xa4352]
V  [jvm.dll+0xa4c8f]
V  [jvm.dll+0x241984]
V  [jvm.dll+0x29853a]
C  [msvcr100.dll+0x21d9f]
C  [msvcr100.dll+0x21e3b]
C  [KERNEL32.DLL+0x8364]
C  [ntdll.dll+0x67091]


Current CompileTask:
C2:2141784 21547       4       com.sun.org.apache.xml.internal.dtm.ref.dom2dtm.DOM2DTM::nextNode (740 bytes)


---------------  P R O C E S S  ---------------

Java Threads: ( => current thread )
  0x0000000018674800 JavaThread "Cache update executor" [_thread_blocked, id=7044, stack(0x000000002d7b0000,0x000000002d8b0000)]
  0x0000000018673800 JavaThread "Stdin handler" [_thread_blocked, id=5260, stack(0x000000002d6b0000,0x000000002d7b0000)]
  0x0000000018676000 JavaThread "Asynchronous log dispatcher for DefaultDaemonConnection: socket connection from /127.0.0.1:52381 to /127.0.0.1:64371" [_thread_blocked, id=5692, stack(0x000000002d5b0000,0x000000002d6b0000)]
  0x000000001867a800 JavaThread "Cancel handler" [_thread_blocked, id=6172, stack(0x000000002d4b0000,0x000000002d5b0000)]
  0x000000001867a000 JavaThread "Handler for socket connection from /127.0.0.1:52381 to /127.0.0.1:64371" [_thread_in_native, id=7072, stack(0x000000002d3b0000,0x000000002d4b0000)]
  0x0000000018677000 JavaThread "pool-8-thread-4" [_thread_blocked, id=4536, stack(0x000000002cfb0000,0x000000002d0b0000)]
  0x0000000018679000 JavaThread "pool-8-thread-3" [_thread_blocked, id=8136, stack(0x000000002c9b0000,0x000000002cab0000)]
  0x000000001f18f000 JavaThread "Daemon worker Thread 4" [_thread_in_Java, id=2636, stack(0x0000000026cb0000,0x0000000026db0000)]
  0x000000001f190800 JavaThread "Daemon Thread 4" [_thread_blocked, id=8388, stack(0x00000000269b0000,0x0000000026ab0000)]
  0x000000001f192000 JavaThread "pool-8-thread-2" [_thread_blocked, id=5860, stack(0x00000000259b0000,0x0000000025ab0000)]
  0x000000001f193800 JavaThread "pool-8-thread-1" [_thread_blocked, id=1864, stack(0x00000000253b0000,0x00000000254b0000)]
  0x000000001b0f6800 JavaThread "File lock request listener" [_thread_in_native, id=8240, stack(0x000000001bcb0000,0x000000001bdb0000)]
  0x0000000019517800 JavaThread "Incoming local TCP Connector on port 52381" [_thread_in_native, id=8308, stack(0x0000000019d00000,0x0000000019e00000)]
  0x0000000018f5b000 JavaThread "pool-1-thread-1" [_thread_blocked, id=6880, stack(0x0000000019a00000,0x0000000019b00000)]
  0x0000000017bc1000 JavaThread "Service Thread" daemon [_thread_blocked, id=8020, stack(0x0000000018030000,0x0000000018130000)]
  0x0000000017b30800 JavaThread "C1 CompilerThread2" daemon [_thread_blocked, id=8296, stack(0x0000000017f30000,0x0000000018030000)]
=>0x000000001643b800 JavaThread "C2 CompilerThread1" daemon [_thread_in_native, id=8312, stack(0x0000000017a30000,0x0000000017b30000)]
  0x0000000016439800 JavaThread "C2 CompilerThread0" daemon [_thread_in_native, id=6384, stack(0x0000000017930000,0x0000000017a30000)]
  0x00000000163ed000 JavaThread "Attach Listener" daemon [_thread_blocked, id=8460, stack(0x0000000017830000,0x0000000017930000)]
  0x00000000163ec000 JavaThread "Signal Dispatcher" daemon [_thread_blocked, id=6568, stack(0x0000000017730000,0x0000000017830000)]
  0x00000000163a9800 JavaThread "Finalizer" daemon [_thread_blocked, id=8580, stack(0x0000000017630000,0x0000000017730000)]
  0x000000000296f800 JavaThread "Reference Handler" daemon [_thread_blocked, id=7936, stack(0x0000000017530000,0x0000000017630000)]
  0x0000000002880800 JavaThread "main" [_thread_blocked, id=6528, stack(0x0000000000c90000,0x0000000000d90000)]

Other Threads:
  0x00000000163a7000 VMThread [stack: 0x0000000017430000,0x0000000017530000] [id=8236]
  0x0000000017bd8800 WatcherThread [stack: 0x0000000018130000,0x0000000018230000] [id=8012]

VM state:not at safepoint (normal execution)

VM Mutex/Monitor currently owned by a thread: None

Heap:
 PSYoungGen      total 353792K, used 185520K [0x00000000e0000000, 0x00000000ffb00000, 0x0000000100000000)
  eden space 253440K, 52% used [0x00000000e0000000,0x00000000e819b198,0x00000000ef780000)
  from space 100352K, 52% used [0x00000000ef780000,0x00000000f2b10e68,0x00000000f5980000)
  to   space 98816K, 0% used [0x00000000f9a80000,0x00000000f9a80000,0x00000000ffb00000)
 ParOldGen       total 231936K, used 150299K [0x00000000a0000000, 0x00000000ae280000, 0x00000000e0000000)
  object space 231936K, 64% used [0x00000000a0000000,0x00000000a92c6db8,0x00000000ae280000)
 Metaspace       used 78510K, capacity 83686K, committed 83928K, reserved 1122304K
  class space    used 10216K, capacity 11166K, committed 11264K, reserved 1048576K

Card table byte_map: [0x0000000011e30000,0x0000000012140000] byte_map_base: 0x0000000011930000

Marking Bits: (ParMarkBitMap*) 0x0000000075534040
 Begin Bits: [0x0000000012740000, 0x0000000013f40000)
 End Bits:   [0x0000000013f40000, 0x0000000015740000)

Polling page: 0x00000000003f0000

CodeCache: size=245760Kb used=62829Kb max_used=62844Kb free=182930Kb
 bounds [0x0000000002a70000, 0x0000000006840000, 0x0000000011a70000]
 total_blobs=17759 nmethods=16957 adapters=712
 compilation: enabled

Compilation events (10 events):
Event: 2141.466 Thread 0x0000000017b30800 nmethod 21564 0x0000000004e62590 code [0x0000000004e62740, 0x0000000004e62ab8]
Event: 2141.466 Thread 0x0000000017b30800 21565  s    3       sun.misc.Cleaner::remove (89 bytes)
Event: 2141.466 Thread 0x0000000017b30800 nmethod 21565 0x00000000050a2f10 code [0x00000000050a3080, 0x00000000050a3570]
Event: 2141.472 Thread 0x0000000017b30800 21566       3       sun.nio.fs.NativeBuffers::allocNativeBuffer (20 bytes)
Event: 2141.473 Thread 0x0000000017b30800 nmethod 21566 0x00000000050a2ad0 code [0x00000000050a2c40, 0x00000000050a2e48]
Event: 2141.473 Thread 0x0000000017b30800 21567       3       sun.nio.fs.NativeBuffer::<init> (41 bytes)
Event: 2141.474 Thread 0x0000000017b30800 nmethod 21567 0x0000000004e6b990 code [0x0000000004e6bb60, 0x0000000004e6c3f8]
Event: 2141.485 Thread 0x0000000017b30800 21568       1       org.gradle.api.internal.changedetection.state.IgnoredPathFileSnapshot::getNormalizedPath (3 bytes)
Event: 2141.485 Thread 0x0000000017b30800 nmethod 21568 0x00000000050a2810 code [0x00000000050a2960, 0x00000000050a2a70]
Event: 2141.485 Thread 0x0000000017b30800 21569       3       com.google.common.collect.Multimaps$CustomListMultimap::createCollection (5 bytes)

GC Heap History (10 events):
Event: 2101.763 GC heap before
{Heap before GC invocations=26 (full 3):
 PSYoungGen      total 288768K, used 288531K [0x00000000e0000000, 0x00000000f7a80000, 0x0000000100000000)
  eden space 245760K, 100% used [0x00000000e0000000,0x00000000ef000000,0x00000000ef000000)
  from space 43008K, 99% used [0x00000000f5080000,0x00000000f7a44f68,0x00000000f7a80000)
  to   space 63488K, 0% used [0x00000000efe80000,0x00000000efe80000,0x00000000f3c80000)
 ParOldGen       total 231936K, used 111148K [0x00000000a0000000, 0x00000000ae280000, 0x00000000e0000000)
  object space 231936K, 47% used [0x00000000a0000000,0x00000000a6c8b310,0x00000000ae280000)
 Metaspace       used 77009K, capacity 81784K, committed 81880K, reserved 1120256K
  class space    used 10082K, capacity 11005K, committed 11008K, reserved 1048576K
Event: 2101.871 GC heap after
Heap after GC invocations=26 (full 3):
 PSYoungGen      total 290304K, used 51684K [0x00000000e0000000, 0x00000000f6f00000, 0x0000000100000000)
  eden space 238592K, 0% used [0x00000000e0000000,0x00000000e0000000,0x00000000ee900000)
  from space 51712K, 99% used [0x00000000efe80000,0x00000000f30f92f0,0x00000000f3100000)
  to   space 63488K, 0% used [0x00000000f3100000,0x00000000f3100000,0x00000000f6f00000)
 ParOldGen       total 231936K, used 111156K [0x00000000a0000000, 0x00000000ae280000, 0x00000000e0000000)
  object space 231936K, 47% used [0x00000000a0000000,0x00000000a6c8d310,0x00000000ae280000)
 Metaspace       used 77009K, capacity 81784K, committed 81880K, reserved 1120256K
  class space    used 10082K, capacity 11005K, committed 11008K, reserved 1048576K
}
Event: 2106.835 GC heap before
{Heap before GC invocations=27 (full 3):
 PSYoungGen      total 290304K, used 290276K [0x00000000e0000000, 0x00000000f6f00000, 0x0000000100000000)
  eden space 238592K, 100% used [0x00000000e0000000,0x00000000ee900000,0x00000000ee900000)
  from space 51712K, 99% used [0x00000000efe80000,0x00000000f30f92f0,0x00000000f3100000)
  to   space 63488K, 0% used [0x00000000f3100000,0x00000000f3100000,0x00000000f6f00000)
 ParOldGen       total 231936K, used 111156K [0x00000000a0000000, 0x00000000ae280000, 0x00000000e0000000)
  object space 231936K, 47% used [0x00000000a0000000,0x00000000a6c8d310,0x00000000ae280000)
 Metaspace       used 77860K, capacity 82854K, committed 83032K, reserved 1122304K
  class space    used 10165K, capacity 11120K, committed 11136K, reserved 1048576K
Event: 2106.923 GC heap after
Heap after GC invocations=27 (full 3):
 PSYoungGen      total 294400K, used 63481K [0x00000000e0000000, 0x00000000fa380000, 0x0000000100000000)
  eden space 230912K, 0% used [0x00000000e0000000,0x00000000e0000000,0x00000000ee180000)
  from space 63488K, 99% used [0x00000000f3100000,0x00000000f6efe470,0x00000000f6f00000)
  to   space 81408K, 0% used [0x00000000ee180000,0x00000000ee180000,0x00000000f3100000)
 ParOldGen       total 231936K, used 122203K [0x00000000a0000000, 0x00000000ae280000, 0x00000000e0000000)
  object space 231936K, 52% used [0x00000000a0000000,0x00000000a7756fa8,0x00000000ae280000)
 Metaspace       used 77860K, capacity 82854K, committed 83032K, reserved 1122304K
  class space    used 10165K, capacity 11120K, committed 11136K, reserved 1048576K
}
Event: 2110.167 GC heap before
{Heap before GC invocations=28 (full 3):
 PSYoungGen      total 294400K, used 294393K [0x00000000e0000000, 0x00000000fa380000, 0x0000000100000000)
  eden space 230912K, 100% used [0x00000000e0000000,0x00000000ee180000,0x00000000ee180000)
  from space 63488K, 99% used [0x00000000f3100000,0x00000000f6efe470,0x00000000f6f00000)
  to   space 81408K, 0% used [0x00000000ee180000,0x00000000ee180000,0x00000000f3100000)
 ParOldGen       total 231936K, used 122203K [0x00000000a0000000, 0x00000000ae280000, 0x00000000e0000000)
  object space 231936K, 52% used [0x00000000a0000000,0x00000000a7756fa8,0x00000000ae280000)
 Metaspace       used 78223K, capacity 83244K, committed 83288K, reserved 1122304K
  class space    used 10181K, capacity 11131K, committed 11136K, reserved 1048576K
Event: 2110.291 GC heap after
Heap after GC invocations=28 (full 3):
 PSYoungGen      total 312320K, used 80423K [0x00000000e0000000, 0x00000000fb500000, 0x0000000100000000)
  eden space 230912K, 0% used [0x00000000e0000000,0x00000000e0000000,0x00000000ee180000)
  from space 81408K, 98% used [0x00000000ee180000,0x00000000f3009f08,0x00000000f3100000)
  to   space 93696K, 0% used [0x00000000f5980000,0x00000000f5980000,0x00000000fb500000)
 ParOldGen       total 231936K, used 136859K [0x00000000a0000000, 0x00000000ae280000, 0x00000000e0000000)
  object space 231936K, 59% used [0x00000000a0000000,0x00000000a85a6e38,0x00000000ae280000)
 Metaspace       used 78223K, capacity 83244K, committed 83288K, reserved 1122304K
  class space    used 10181K, capacity 11131K, committed 11136K, reserved 1048576K
}
Event: 2111.543 GC heap before
{Heap before GC invocations=29 (full 3):
 PSYoungGen      total 312320K, used 310634K [0x00000000e0000000, 0x00000000fb500000, 0x0000000100000000)
  eden space 230912K, 99% used [0x00000000e0000000,0x00000000ee0d0c00,0x00000000ee180000)
  from space 81408K, 98% used [0x00000000ee180000,0x00000000f3009f08,0x00000000f3100000)
  to   space 93696K, 0% used [0x00000000f5980000,0x00000000f5980000,0x00000000fb500000)
 ParOldGen       total 231936K, used 136859K [0x00000000a0000000, 0x00000000ae280000, 0x00000000e0000000)
  object space 231936K, 59% used [0x00000000a0000000,0x00000000a85a6e38,0x00000000ae280000)
 Metaspace       used 78358K, capacity 83472K, committed 83672K, reserved 1122304K
  class space    used 10198K, capacity 11149K, committed 11264K, reserved 1048576K
Event: 2111.618 GC heap after
Heap after GC invocations=29 (full 3):
 PSYoungGen      total 347136K, used 71574K [0x00000000e0000000, 0x00000000fca00000, 0x0000000100000000)
  eden space 253440K, 0% used [0x00000000e0000000,0x00000000e0000000,0x00000000ef780000)
  from space 93696K, 76% used [0x00000000f5980000,0x00000000f9f65ad0,0x00000000fb500000)
  to   space 100352K, 0% used [0x00000000ef780000,0x00000000ef780000,0x00000000f5980000)
 ParOldGen       total 231936K, used 136859K [0x00000000a0000000, 0x00000000ae280000, 0x00000000e0000000)
  object space 231936K, 59% used [0x00000000a0000000,0x00000000a85a6e38,0x00000000ae280000)
 Metaspace       used 78358K, capacity 83472K, committed 83672K, reserved 1122304K
  class space    used 10198K, capacity 11149K, committed 11264K, reserved 1048576K
}
Event: 2111.659 GC heap before
{Heap before GC invocations=30 (full 3):
 PSYoungGen      total 347136K, used 324083K [0x00000000e0000000, 0x00000000fca00000, 0x0000000100000000)
  eden space 253440K, 99% used [0x00000000e0000000,0x00000000ef697228,0x00000000ef780000)
  from space 93696K, 76% used [0x00000000f5980000,0x00000000f9f65ad0,0x00000000fb500000)
  to   space 100352K, 0% used [0x00000000ef780000,0x00000000ef780000,0x00000000f5980000)
 ParOldGen       total 231936K, used 136859K [0x00000000a0000000, 0x00000000ae280000, 0x00000000e0000000)
  object space 231936K, 59% used [0x00000000a0000000,0x00000000a85a6e38,0x00000000ae280000)
 Metaspace       used 78366K, capacity 83472K, committed 83672K, reserved 1122304K
  class space    used 10198K, capacity 11149K, committed 11264K, reserved 1048576K
Event: 2111.732 GC heap after
Heap after GC invocations=30 (full 3):
 PSYoungGen      total 353792K, used 52803K [0x00000000e0000000, 0x00000000ffb00000, 0x0000000100000000)
  eden space 253440K, 0% used [0x00000000e0000000,0x00000000e0000000,0x00000000ef780000)
  from space 100352K, 52% used [0x00000000ef780000,0x00000000f2b10e68,0x00000000f5980000)
  to   space 98816K, 0% used [0x00000000f9a80000,0x00000000f9a80000,0x00000000ffb00000)
 ParOldGen       total 231936K, used 150299K [0x00000000a0000000, 0x00000000ae280000, 0x00000000e0000000)
  object space 231936K, 64% used [0x00000000a0000000,0x00000000a92c6db8,0x00000000ae280000)
 Metaspace       used 78366K, capacity 83472K, committed 83672K, reserved 1122304K
  class space    used 10198K, capacity 11149K, committed 11264K, reserved 1048576K
}

Deoptimization events (10 events):
Event: 2111.243 Thread 0x000000001f18f000 Uncommon trap: reason=bimorphic action=maybe_recompile pc=0x0000000003984dbc method=java.io.DataInputStream.readUnsignedShort()I @ 4
Event: 2111.243 Thread 0x000000001f18f000 Uncommon trap: reason=bimorphic action=maybe_recompile pc=0x0000000003984dbc method=java.io.DataInputStream.readUnsignedShort()I @ 4
Event: 2111.479 Thread 0x000000001f18f000 Uncommon trap: reason=class_check action=maybe_recompile pc=0x000000000679d494 method=java.io.SequenceInputStream.read([BII)I @ 58
Event: 2111.479 Thread 0x000000001f18f000 Uncommon trap: reason=class_check action=maybe_recompile pc=0x000000000679d494 method=java.io.SequenceInputStream.read([BII)I @ 58
Event: 2111.479 Thread 0x000000001f18f000 Uncommon trap: reason=class_check action=maybe_recompile pc=0x000000000679d494 method=java.io.SequenceInputStream.read([BII)I @ 58
Event: 2111.479 Thread 0x000000001f18f000 Uncommon trap: reason=class_check action=maybe_recompile pc=0x000000000679d494 method=java.io.SequenceInputStream.read([BII)I @ 58
Event: 2111.511 Thread 0x000000001f18f000 Uncommon trap: reason=bimorphic action=maybe_recompile pc=0x0000000003a093f8 method=java.util.AbstractList$Itr.next()Ljava/lang/Object; @ 14
Event: 2140.727 Thread 0x000000001f18f000 Uncommon trap: reason=class_check action=maybe_recompile pc=0x0000000005e63cfc method=com.google.common.collect.AbstractMapBasedMultimap.iteratorOrListIterator(Ljava/util/Collection;)Ljava/util/Iterator; @ 1
Event: 2140.727 Thread 0x000000001f18f000 Uncommon trap: reason=class_check action=maybe_recompile pc=0x0000000005e2d300 method=com.google.common.collect.AbstractMapBasedMultimap$WrappedCollection.size()I @ 8
Event: 2140.727 Thread 0x000000001f18f000 Uncommon trap: reason=class_check action=maybe_recompile pc=0x0000000005e59764 method=com.google.common.collect.AbstractMapBasedMultimap$WrappedCollection$WrappedIterator.next()Ljava/lang/Object; @ 8

Internal exceptions (10 events):
Event: 2140.721 Thread 0x000000001f18f000 Exception <a 'sun/nio/fs/WindowsException'> (0x00000000e5e5af90) thrown at [C:\re\workspace\8-2-build-windows-amd64-cygwin\jdk8u45\3627\hotspot\src\share\vm\prims\jni.cpp, line 709]
Event: 2140.721 Thread 0x000000001f18f000 Exception <a 'sun/nio/fs/WindowsException'> (0x00000000e5e5d9a0) thrown at [C:\re\workspace\8-2-build-windows-amd64-cygwin\jdk8u45\3627\hotspot\src\share\vm\prims\jni.cpp, line 709]
Event: 2140.722 Thread 0x000000001f18f000 Exception <a 'sun/nio/fs/WindowsException'> (0x00000000e5e5e540) thrown at [C:\re\workspace\8-2-build-windows-amd64-cygwin\jdk8u45\3627\hotspot\src\share\vm\prims\jni.cpp, line 709]
Event: 2140.722 Thread 0x000000001f18f000 Exception <a 'sun/nio/fs/WindowsException'> (0x00000000e5e5fe50) thrown at [C:\re\workspace\8-2-build-windows-amd64-cygwin\jdk8u45\3627\hotspot\src\share\vm\prims\jni.cpp, line 709]
Event: 2140.722 Thread 0x000000001f18f000 Exception <a 'sun/nio/fs/WindowsException'> (0x00000000e5e60a30) thrown at [C:\re\workspace\8-2-build-windows-amd64-cygwin\jdk8u45\3627\hotspot\src\share\vm\prims\jni.cpp, line 709]
Event: 2140.723 Thread 0x000000001f18f000 Exception <a 'sun/nio/fs/WindowsException'> (0x00000000e5e64a88) thrown at [C:\re\workspace\8-2-build-windows-amd64-cygwin\jdk8u45\3627\hotspot\src\share\vm\prims\jni.cpp, line 709]
Event: 2140.723 Thread 0x000000001f18f000 Exception <a 'sun/nio/fs/WindowsException'> (0x00000000e5e654e8) thrown at [C:\re\workspace\8-2-build-windows-amd64-cygwin\jdk8u45\3627\hotspot\src\share\vm\prims\jni.cpp, line 709]
Event: 2140.723 Thread 0x000000001f18f000 Exception <a 'sun/nio/fs/WindowsException'> (0x00000000e5e66cb8) thrown at [C:\re\workspace\8-2-build-windows-amd64-cygwin\jdk8u45\3627\hotspot\src\share\vm\prims\jni.cpp, line 709]
Event: 2140.723 Thread 0x000000001f18f000 Exception <a 'sun/nio/fs/WindowsException'> (0x00000000e5e67758) thrown at [C:\re\workspace\8-2-build-windows-amd64-cygwin\jdk8u45\3627\hotspot\src\share\vm\prims\jni.cpp, line 709]
Event: 2140.724 Thread 0x000000001f18f000 Exception <a 'sun/nio/fs/WindowsException'> (0x00000000e5e79068) thrown at [C:\re\workspace\8-2-build-windows-amd64-cygwin\jdk8u45\3627\hotspot\src\share\vm\prims\jni.cpp, line 709]

Events (10 events):
Event: 2140.727 Thread 0x000000001f18f000 DEOPT UNPACKING pc=0x0000000002ab582a sp=0x0000000026dac1c0 mode 2
Event: 2140.727 Thread 0x000000001f18f000 Uncommon trap: trap_request=0xffffffde fr.pc=0x0000000005e2d300
Event: 2140.727 Thread 0x000000001f18f000 DEOPT PACKING pc=0x0000000005e2d300 sp=0x0000000026dac330
Event: 2140.727 Thread 0x000000001f18f000 DEOPT UNPACKING pc=0x0000000002ab582a sp=0x0000000026dac2f0 mode 2
Event: 2140.727 Thread 0x000000001f18f000 Uncommon trap: trap_request=0xffffffde fr.pc=0x0000000005e59764
Event: 2140.727 Thread 0x000000001f18f000 DEOPT PACKING pc=0x0000000005e59764 sp=0x0000000026dac2f0
Event: 2140.727 Thread 0x000000001f18f000 DEOPT UNPACKING pc=0x0000000002ab582a sp=0x0000000026dac2c0 mode 2
Event: 2141.109 Thread 0x0000000018674800 Thread added: 0x0000000018674800
Event: 2141.410 loading class org/gradle/internal/typeconversion/NotationConverterToNotationParserAdapter$1
Event: 2141.410 loading class org/gradle/internal/typeconversion/NotationConverterToNotationParserAdapter$1 done


Dynamic libraries:
0x00007ff7bf170000 - 0x00007ff7bf1a7000 	C:\Program Files\Java\jdk1.8.0_45\bin\java.exe
0x00007ffb02510000 - 0x00007ffb026e2000 	C:\WINDOWS\SYSTEM32\ntdll.dll
0x00007ffb00020000 - 0x00007ffb000cc000 	C:\WINDOWS\System32\KERNEL32.DLL
0x00007ffafed70000 - 0x00007ffafef8d000 	C:\WINDOWS\System32\KERNELBASE.dll
0x00007ffb00660000 - 0x00007ffb00702000 	C:\WINDOWS\System32\ADVAPI32.dll
0x00007ffb021f0000 - 0x00007ffb0228e000 	C:\WINDOWS\System32\msvcrt.dll
0x00007ffb02290000 - 0x00007ffb022e9000 	C:\WINDOWS\System32\sechost.dll
0x00007ffaffaf0000 - 0x00007ffaffc11000 	C:\WINDOWS\System32\RPCRT4.dll
0x00007ffb000f0000 - 0x00007ffb00255000 	C:\WINDOWS\System32\USER32.dll
0x00007ffafed50000 - 0x00007ffafed6e000 	C:\WINDOWS\System32\win32u.dll
0x00007ffb022f0000 - 0x00007ffb02324000 	C:\WINDOWS\System32\GDI32.dll
0x00007ffaff090000 - 0x00007ffaff210000 	C:\WINDOWS\System32\gdi32full.dll
0x00007ffaf2890000 - 0x00007ffaf2b0a000 	C:\WINDOWS\WinSxS\amd64_microsoft.windows.common-controls_6595b64144ccf1df_6.0.14393.953_none_42151e83c686086b\COMCTL32.dll
0x00007ffb00260000 - 0x00007ffb00528000 	C:\WINDOWS\System32\combase.dll
0x00007ffafef90000 - 0x00007ffaff085000 	C:\WINDOWS\System32\ucrtbase.dll
0x00007ffafece0000 - 0x00007ffafed4a000 	C:\WINDOWS\System32\bcryptPrimitives.dll
0x00007ffaffac0000 - 0x00007ffaffaee000 	C:\WINDOWS\System32\IMM32.DLL
0x00000000755c0000 - 0x0000000075692000 	C:\Program Files\Java\jdk1.8.0_45\jre\bin\msvcr100.dll
0x0000000074d30000 - 0x00000000755b3000 	C:\Program Files\Java\jdk1.8.0_45\jre\bin\server\jvm.dll
0x00007ffb000e0000 - 0x00007ffb000e8000 	C:\WINDOWS\System32\PSAPI.DLL
0x00007ffafdfe0000 - 0x00007ffafdfea000 	C:\WINDOWS\SYSTEM32\VERSION.dll
0x00007ffafbbd0000 - 0x00007ffafbbf3000 	C:\WINDOWS\SYSTEM32\WINMM.dll
0x00007ffaf1d70000 - 0x00007ffaf1d79000 	C:\WINDOWS\SYSTEM32\WSOCK32.dll
0x00007ffb024a0000 - 0x00007ffb0250a000 	C:\WINDOWS\System32\WS2_32.dll
0x00007ffafbb70000 - 0x00007ffafbb9b000 	C:\WINDOWS\SYSTEM32\WINMMBASE.dll
0x00007ffaff9a0000 - 0x00007ffaff9e2000 	C:\WINDOWS\System32\cfgmgr32.dll
0x0000000074d20000 - 0x0000000074d2f000 	C:\Program Files\Java\jdk1.8.0_45\jre\bin\verify.dll
0x0000000074cf0000 - 0x0000000074d19000 	C:\Program Files\Java\jdk1.8.0_45\jre\bin\java.dll
0x0000000074cd0000 - 0x0000000074ce6000 	C:\Program Files\Java\jdk1.8.0_45\jre\bin\zip.dll
0x00007ffb00ce0000 - 0x00007ffb021e8000 	C:\WINDOWS\System32\SHELL32.dll
0x00007ffaff210000 - 0x00007ffaff8ea000 	C:\WINDOWS\System32\windows.storage.dll
0x00007ffafe9b0000 - 0x00007ffafe9fc000 	C:\WINDOWS\System32\powrprof.dll
0x00007ffaffe20000 - 0x00007ffaffe72000 	C:\WINDOWS\System32\shlwapi.dll
0x00007ffafea00000 - 0x00007ffafea0f000 	C:\WINDOWS\System32\kernel.appcore.dll
0x00007ffaff8f0000 - 0x00007ffaff999000 	C:\WINDOWS\System32\shcore.dll
0x00007ffafe980000 - 0x00007ffafe994000 	C:\WINDOWS\System32\profapi.dll
0x0000000074cb0000 - 0x0000000074cca000 	C:\Program Files\Java\jdk1.8.0_45\jre\bin\net.dll
0x00007ffafdee0000 - 0x00007ffafdf3c000 	C:\WINDOWS\system32\mswsock.dll
0x0000000074c90000 - 0x0000000074ca1000 	C:\Program Files\Java\jdk1.8.0_45\jre\bin\nio.dll
0x00007ffaeefb0000 - 0x00007ffaeefce000 	C:\Users\zzy\.gradle\native\23\windows-amd64\native-platform.dll
0x00007ffafe750000 - 0x00007ffafe767000 	C:\WINDOWS\SYSTEM32\CRYPTSP.dll
0x00007ffafdaf0000 - 0x00007ffafdb23000 	C:\WINDOWS\system32\rsaenh.dll
0x00007ffafe8c0000 - 0x00007ffafe8eb000 	C:\WINDOWS\SYSTEM32\bcrypt.dll
0x00007ffafdd60000 - 0x00007ffafdd7f000 	C:\WINDOWS\SYSTEM32\USERENV.dll
0x00007ffafe0e0000 - 0x00007ffafe0eb000 	C:\WINDOWS\SYSTEM32\CRYPTBASE.dll
0x00007ffafdc70000 - 0x00007ffafdca8000 	C:\WINDOWS\SYSTEM32\IPHLPAPI.DLL
0x00007ffb000d0000 - 0x00007ffb000d8000 	C:\WINDOWS\System32\NSI.dll
0x00007ffaf7780000 - 0x00007ffaf7796000 	C:\WINDOWS\SYSTEM32\dhcpcsvc6.DLL
0x00007ffaf77c0000 - 0x00007ffaf77da000 	C:\WINDOWS\SYSTEM32\dhcpcsvc.DLL
0x0000000074c80000 - 0x0000000074c8d000 	C:\Program Files\Java\jdk1.8.0_45\jre\bin\management.dll
0x0000000074c50000 - 0x0000000074c74000 	C:\Program Files\Java\jdk1.8.0_45\jre\bin\sunec.dll
0x0000000074c40000 - 0x0000000074c4b000 	C:\Program Files\Java\jdk1.8.0_45\jre\bin\sunmscapi.dll
0x00007ffafeab0000 - 0x00007ffafec79000 	C:\WINDOWS\System32\CRYPT32.dll
0x00007ffafe9a0000 - 0x00007ffafe9b0000 	C:\WINDOWS\System32\MSASN1.dll
0x00007ffafd9c0000 - 0x00007ffafd9f2000 	C:\WINDOWS\SYSTEM32\ntmarta.dll
0x00007ffafe500000 - 0x00007ffafe692000 	C:\WINDOWS\SYSTEM32\dbghelp.dll

VM Arguments:
jvm_args: -Xmx1536m -Dfile.encoding=GBK -Duser.country=CN -Duser.language=zh -Duser.variant 
java_command: org.gradle.launcher.daemon.bootstrap.GradleDaemon 3.3
java_class_path (initial): C:\Users\zzy\.gradle\wrapper\dists\gradle-3.3-all\55gk2rcmfc6p2dg9u9ohc3hw9\gradle-3.3\lib\gradle-launcher-3.3.jar
Launcher Type: SUN_STANDARD

Environment Variables:
JAVA_HOME=C:\Program Files\Java\jdk1.8.0_45
CLASSPATH=C:\Program Files\Java\jdk1.8.0_45\lib\dt.jar;C:\Program Files\Java\jdk1.8.0_45\lib\tools.jar
PATH=C:\ProgramData\Oracle\Java\javapath;C:\WINDOWS\system32;C:\WINDOWS;C:\WINDOWS\System32\Wbem;C:\WINDOWS\System32\WindowsPowerShell\v1.0\;C:\Program Files\Java\jdk1.8.0_45\bin;C:\Program Files\Java\jdk1.8.0_45\jre\bin;C:\Program Files\TortoiseSVN\bin;H:\package\android\adt-bundle-windows-x86_64_20140101\sdk\platform-tools;C:\Users\zzy\AppData\Local\Programs\Python\Python36-32;C:\Users\zzy\AppData\Local\Microsoft\WindowsApps;
USERNAME=zzy
OS=Windows_NT
PROCESSOR_IDENTIFIER=Intel64 Family 6 Model 58 Stepping 9, GenuineIntel



---------------  S Y S T E M  ---------------

OS: Windows 10.0 , 64 bit Build 14393 (10.0.14393.1198)

CPU:total 4 (2 cores per cpu, 2 threads per core) family 6 model 58 stepping 9, cmov, cx8, fxsr, mmx, sse, sse2, sse3, ssse3, sse4.1, sse4.2, popcnt, avx, aes, clmul, erms, ht, tsc, tscinvbit, tscinv

Memory: 4k page, physical 12395832k(7477252k free), swap 14296376k(9324936k free)

vm_info: Java HotSpot(TM) 64-Bit Server VM (25.45-b02) for windows-amd64 JRE (1.8.0_45-b15), built on Apr 30 2015 12:40:44 by "java_re" with MS VC++ 10.0 (VS2010)

time: Tue Sep 05 17:29:01 2017
elapsed time: 2141 seconds (0d 0h 35m 41s)

